<?xml version="1.0" encoding="UTF-8"?>
<!-- Generated by org.testng.reporters.JUnitXMLReporter -->
<testsuite hostname="NGD24104" name="Test3" tests="3" failures="2" timestamp="27 Feb 2017 05:53:15 GMT" time="137.845" errors="0">
  <testcase name="ValidLogin" time="40.241" classname="test.java.Integration.FunctionalRest.MobileTestCase"/>
  <testcase name="ValidMedia" time="73.392" classname="test.java.Integration.FunctionalRest.MobileTestCase">
    <failure type="org.openqa.selenium.NoSuchElementException" message="An element could not be located on the page using the given search parameters. (WARNING: The server did not provide any stacktrace information)
Command duration or timeout: 919 milliseconds
For documentation on this error, please visit: http://seleniumhq.org/exceptions/no_such_element.html
Build info: version: &amp;apos;2.46.0&amp;apos;, revision: &amp;apos;61506a4624b13675f24581e453592342b7485d71&amp;apos;, time: &amp;apos;2015-06-04 10:22:50&amp;apos;
System info: host: &amp;apos;NGD24104&amp;apos;, ip: &amp;apos;169.254.59.156&amp;apos;, os.name: &amp;apos;Windows 7&amp;apos;, os.arch: &amp;apos;x86&amp;apos;, os.version: &amp;apos;6.1&amp;apos;, java.version: &amp;apos;1.7.0_11&amp;apos;
*** Element info: {Using=name, value=VID_20161123_101712.mp4}
Session ID: 6073b087-b59f-4052-b6a2-2e45fba5a870
Driver info: io.appium.java_client.android.AndroidDriver
Capabilities [{platformVersion=5.1.1, platform=LINUX, databaseEnabled=false, javascriptEnabled=true, platformName=Android, deviceName=6a94c369, browserName=Android, appium-version=1.4.16.1, webStorageEnabled=false, networkConnectionEnabled=true, desired={deviceName=6a94c369, platformName=Android, appium-version=1.4.16.1}, locationContextEnabled=false, warnings={}, takesScreenshot=true}]">
      <![CDATA[org.openqa.selenium.NoSuchElementException: An element could not be located on the page using the given search parameters. (WARNING: The server did not provide any stacktrace information)
Command duration or timeout: 919 milliseconds
For documentation on this error, please visit: http://seleniumhq.org/exceptions/no_such_element.html
Build info: version: '2.46.0', revision: '61506a4624b13675f24581e453592342b7485d71', time: '2015-06-04 10:22:50'
System info: host: 'NGD24104', ip: '169.254.59.156', os.name: 'Windows 7', os.arch: 'x86', os.version: '6.1', java.version: '1.7.0_11'
*** Element info: {Using=name, value=VID_20161123_101712.mp4}
Session ID: 6073b087-b59f-4052-b6a2-2e45fba5a870
Driver info: io.appium.java_client.android.AndroidDriver
Capabilities [{platformVersion=5.1.1, platform=LINUX, databaseEnabled=false, javascriptEnabled=true, platformName=Android, deviceName=6a94c369, browserName=Android, appium-version=1.4.16.1, webStorageEnabled=false, networkConnectionEnabled=true, desired={deviceName=6a94c369, platformName=Android, appium-version=1.4.16.1}, locationContextEnabled=false, warnings={}, takesScreenshot=true}]
	at org.openqa.selenium.remote.ErrorHandler.createThrowable(ErrorHandler.java:204)
	at org.openqa.selenium.remote.ErrorHandler.throwIfResponseFailed(ErrorHandler.java:156)
	at org.openqa.selenium.remote.RemoteWebDriver.execute(RemoteWebDriver.java:605)
	at io.appium.java_client.DefaultGenericMobileDriver.execute(DefaultGenericMobileDriver.java:40)
	at io.appium.java_client.AppiumDriver.execute(AppiumDriver.java:1)
	at io.appium.java_client.android.AndroidDriver.execute(AndroidDriver.java:1)
	at org.openqa.selenium.remote.RemoteWebDriver.findElement(RemoteWebDriver.java:358)
	at io.appium.java_client.DefaultGenericMobileDriver.findElement(DefaultGenericMobileDriver.java:56)
	at io.appium.java_client.AppiumDriver.findElement(AppiumDriver.java:1)
	at io.appium.java_client.android.AndroidDriver.findElement(AndroidDriver.java:1)
	at org.openqa.selenium.remote.RemoteWebDriver.findElementByName(RemoteWebDriver.java:431)
	at io.appium.java_client.DefaultGenericMobileDriver.findElementByName(DefaultGenericMobileDriver.java:104)
	at io.appium.java_client.AppiumDriver.findElementByName(AppiumDriver.java:1)
	at io.appium.java_client.android.AndroidDriver.findElementByName(AndroidDriver.java:1)
	at org.openqa.selenium.By$ByName.findElement(By.java:300)
	at org.openqa.selenium.remote.RemoteWebDriver.findElement(RemoteWebDriver.java:350)
	at io.appium.java_client.DefaultGenericMobileDriver.findElement(DefaultGenericMobileDriver.java:52)
	at io.appium.java_client.AppiumDriver.findElement(AppiumDriver.java:1)
	at io.appium.java_client.android.AndroidDriver.findElement(AndroidDriver.java:1)
	at main.java.com.util.pages.MediaMobile.Mediauploadimage(MediaMobile.java:146)
	at test.java.Integration.FunctionalRest.MobileTestCase.ValidMedia(MobileTestCase.java:91)
... Removed 31 stack frames]]>
    </failure>
  </testcase> <!-- ValidMedia -->
  <testcase name="WrongLogin" time="8.576" classname="test.java.Integration.FunctionalRest.MobileTestCase">
    <failure type="org.openqa.selenium.NoSuchElementException" message="An element could not be located on the page using the given search parameters. (WARNING: The server did not provide any stacktrace information)
Command duration or timeout: 552 milliseconds
For documentation on this error, please visit: http://seleniumhq.org/exceptions/no_such_element.html
Build info: version: &amp;apos;2.46.0&amp;apos;, revision: &amp;apos;61506a4624b13675f24581e453592342b7485d71&amp;apos;, time: &amp;apos;2015-06-04 10:22:50&amp;apos;
System info: host: &amp;apos;NGD24104&amp;apos;, ip: &amp;apos;169.254.59.156&amp;apos;, os.name: &amp;apos;Windows 7&amp;apos;, os.arch: &amp;apos;x86&amp;apos;, os.version: &amp;apos;6.1&amp;apos;, java.version: &amp;apos;1.7.0_11&amp;apos;
*** Element info: {Using=id, value=org.wordpress.android:id/nux_username}
Session ID: 6073b087-b59f-4052-b6a2-2e45fba5a870
Driver info: io.appium.java_client.android.AndroidDriver
Capabilities [{platformVersion=5.1.1, platform=LINUX, databaseEnabled=false, javascriptEnabled=true, platformName=Android, deviceName=6a94c369, browserName=Android, appium-version=1.4.16.1, webStorageEnabled=false, networkConnectionEnabled=true, desired={deviceName=6a94c369, platformName=Android, appium-version=1.4.16.1}, locationContextEnabled=false, warnings={}, takesScreenshot=true}]">
      <![CDATA[org.openqa.selenium.NoSuchElementException: An element could not be located on the page using the given search parameters. (WARNING: The server did not provide any stacktrace information)
Command duration or timeout: 552 milliseconds
For documentation on this error, please visit: http://seleniumhq.org/exceptions/no_such_element.html
Build info: version: '2.46.0', revision: '61506a4624b13675f24581e453592342b7485d71', time: '2015-06-04 10:22:50'
System info: host: 'NGD24104', ip: '169.254.59.156', os.name: 'Windows 7', os.arch: 'x86', os.version: '6.1', java.version: '1.7.0_11'
*** Element info: {Using=id, value=org.wordpress.android:id/nux_username}
Session ID: 6073b087-b59f-4052-b6a2-2e45fba5a870
Driver info: io.appium.java_client.android.AndroidDriver
Capabilities [{platformVersion=5.1.1, platform=LINUX, databaseEnabled=false, javascriptEnabled=true, platformName=Android, deviceName=6a94c369, browserName=Android, appium-version=1.4.16.1, webStorageEnabled=false, networkConnectionEnabled=true, desired={deviceName=6a94c369, platformName=Android, appium-version=1.4.16.1}, locationContextEnabled=false, warnings={}, takesScreenshot=true}]
	at org.openqa.selenium.remote.ErrorHandler.createThrowable(ErrorHandler.java:204)
	at org.openqa.selenium.remote.ErrorHandler.throwIfResponseFailed(ErrorHandler.java:156)
	at org.openqa.selenium.remote.RemoteWebDriver.execute(RemoteWebDriver.java:605)
	at io.appium.java_client.DefaultGenericMobileDriver.execute(DefaultGenericMobileDriver.java:40)
	at io.appium.java_client.AppiumDriver.execute(AppiumDriver.java:1)
	at io.appium.java_client.android.AndroidDriver.execute(AndroidDriver.java:1)
	at org.openqa.selenium.remote.RemoteWebDriver.findElement(RemoteWebDriver.java:358)
	at io.appium.java_client.DefaultGenericMobileDriver.findElement(DefaultGenericMobileDriver.java:56)
	at io.appium.java_client.AppiumDriver.findElement(AppiumDriver.java:1)
	at io.appium.java_client.android.AndroidDriver.findElement(AndroidDriver.java:1)
	at org.openqa.selenium.remote.RemoteWebDriver.findElementById(RemoteWebDriver.java:399)
	at io.appium.java_client.DefaultGenericMobileDriver.findElementById(DefaultGenericMobileDriver.java:64)
	at io.appium.java_client.AppiumDriver.findElementById(AppiumDriver.java:1)
	at io.appium.java_client.android.AndroidDriver.findElementById(AndroidDriver.java:1)
	at org.openqa.selenium.By$ById.findElement(By.java:215)
	at org.openqa.selenium.remote.RemoteWebDriver.findElement(RemoteWebDriver.java:350)
	at io.appium.java_client.DefaultGenericMobileDriver.findElement(DefaultGenericMobileDriver.java:52)
	at io.appium.java_client.AppiumDriver.findElement(AppiumDriver.java:1)
	at io.appium.java_client.android.AndroidDriver.findElement(AndroidDriver.java:1)
	at main.java.com.util.pages.LoginMobile.setUserName(LoginMobile.java:40)
	at main.java.com.util.pages.LoginMobile.loginToWordPress(LoginMobile.java:88)
	at test.java.Integration.FunctionalRest.MobileTestCase.WrongLogin(MobileTestCase.java:109)
... Removed 31 stack frames]]>
    </failure>
  </testcase> <!-- WrongLogin -->
</testsuite> <!-- Test3 -->
