<html>
<head>
<title>TestNG:  Test</title>
<link href="../testng.css" rel="stylesheet" type="text/css" />
<link href="../my-testng.css" rel="stylesheet" type="text/css" />

<style type="text/css">
.log { display: none;} 
.stack-trace { display: none;} 
</style>
<script type="text/javascript">
<!--
function flip(e) {
  current = e.style.display;
  if (current == 'block') {
    e.style.display = 'none';
    return 0;
  }
  else {
    e.style.display = 'block';
    return 1;
  }
}

function toggleBox(szDivId, elem, msg1, msg2)
{
  var res = -1;  if (document.getElementById) {
    res = flip(document.getElementById(szDivId));
  }
  else if (document.all) {
    // this is the way old msie versions work
    res = flip(document.all[szDivId]);
  }
  if(elem) {
    if(res == 0) elem.innerHTML = msg1; else elem.innerHTML = msg2;
  }

}

function toggleAllBoxes() {
  if (document.getElementsByTagName) {
    d = document.getElementsByTagName('div');
    for (i = 0; i < d.length; i++) {
      if (d[i].className == 'log') {
        flip(d[i]);
      }
    }
  }
}

// -->
</script>

</head>
<body>
<h2 align='center'>Test</h2><table border='1' align="center">
<tr>
<td>Tests passed/Failed/Skipped:</td><td>0/4/3</td>
</tr><tr>
<td>Started on:</td><td>Thu Feb 16 19:59:05 IST 2017</td>
</tr>
<tr><td>Total time:</td><td>4 seconds (4562 ms)</td>
</tr><tr>
<td>Included groups:</td><td></td>
</tr><tr>
<td>Excluded groups:</td><td></td>
</tr>
</table><p/>
<small><i>(Hover the method name to see the test class name)</i></small><p/>
<table width='100%' border='1' class='invocation-failed'>
<tr><td colspan='4' align='center'><b>FAILED TESTS</b></td></tr>
<tr><td><b>Test method</b></td>
<td width="30%"><b>Exception</b></td>
<td width="10%"><b>Time (seconds)</b></td>
<td><b>Instance</b></td>
</tr>
<tr>
<td title='test.java.Integration.FunctionalRest.RestApi.CreateUser()'><b>CreateUser</b><br>Test class: test.java.Integration.FunctionalRest.RestApi</td>
<td><div><pre>java.lang.NoSuchMethodError: com.jayway.restassured.specification.RequestSpecification.header(Ljava/lang/String;Ljava/lang/Object;[Ljava/lang/Object;)Lcom/jayway/restassured/specification/RequestSpecification;
	at test.java.Integration.FunctionalRest.RestApi.CreateUser(RestApi.java:51)
... Removed 24 stack frames</pre></div><a href='#' onClick='toggleBox("stack-trace23651654", this, "Click to show all stack frames", "Click to hide stack frames")'>Click to show all stack frames</a>
<div class='stack-trace' id='stack-trace23651654'><pre>java.lang.NoSuchMethodError: com.jayway.restassured.specification.RequestSpecification.header(Ljava/lang/String;Ljava/lang/Object;[Ljava/lang/Object;)Lcom/jayway/restassured/specification/RequestSpecification;
	at test.java.Integration.FunctionalRest.RestApi.CreateUser(RestApi.java:51)
	at sun.reflect.NativeMethodAccessorImpl.invoke0(Native Method)
	at sun.reflect.NativeMethodAccessorImpl.invoke(NativeMethodAccessorImpl.java:57)
	at sun.reflect.DelegatingMethodAccessorImpl.invoke(DelegatingMethodAccessorImpl.java:43)
	at java.lang.reflect.Method.invoke(Method.java:601)
	at org.testng.internal.MethodInvocationHelper.invokeMethod(MethodInvocationHelper.java:84)
	at org.testng.internal.Invoker.invokeMethod(Invoker.java:714)
	at org.testng.internal.Invoker.invokeTestMethod(Invoker.java:901)
	at org.testng.internal.Invoker.invokeTestMethods(Invoker.java:1231)
	at org.testng.internal.TestMethodWorker.invokeTestMethods(TestMethodWorker.java:127)
	at org.testng.internal.TestMethodWorker.run(TestMethodWorker.java:111)
	at org.testng.TestRunner.privateRun(TestRunner.java:767)
	at org.testng.TestRunner.run(TestRunner.java:617)
	at org.testng.SuiteRunner.runTest(SuiteRunner.java:334)
	at org.testng.SuiteRunner.runSequentially(SuiteRunner.java:329)
	at org.testng.SuiteRunner.privateRun(SuiteRunner.java:291)
	at org.testng.SuiteRunner.run(SuiteRunner.java:240)
	at org.testng.SuiteRunnerWorker.runSuite(SuiteRunnerWorker.java:52)
	at org.testng.SuiteRunnerWorker.run(SuiteRunnerWorker.java:86)
	at org.testng.TestNG.runSuitesSequentially(TestNG.java:1224)
	at org.testng.TestNG.runSuitesLocally(TestNG.java:1149)
	at org.testng.TestNG.run(TestNG.java:1057)
	at org.testng.remote.AbstractRemoteTestNG.run(AbstractRemoteTestNG.java:132)
	at org.testng.remote.RemoteTestNG.initAndRun(RemoteTestNG.java:236)
	at org.testng.remote.RemoteTestNG.main(RemoteTestNG.java:81)
</pre></div></td>
<td>0</td>
<td>test.java.Integration.FunctionalRest.RestApi@dca5b7</td></tr>
<tr>
<td title='test.java.Integration.FunctionalRest.RestApi.DeleteUser()'><b>DeleteUser</b><br>Test class: test.java.Integration.FunctionalRest.RestApi</td>
<td><div><pre>java.lang.NoSuchMethodError: com.jayway.restassured.specification.RequestSpecification.header(Ljava/lang/String;Ljava/lang/Object;[Ljava/lang/Object;)Lcom/jayway/restassured/specification/RequestSpecification;
	at test.java.Integration.FunctionalRest.RestApi.DeleteUser(RestApi.java:66)
... Removed 24 stack frames</pre></div><a href='#' onClick='toggleBox("stack-trace28698671", this, "Click to show all stack frames", "Click to hide stack frames")'>Click to show all stack frames</a>
<div class='stack-trace' id='stack-trace28698671'><pre>java.lang.NoSuchMethodError: com.jayway.restassured.specification.RequestSpecification.header(Ljava/lang/String;Ljava/lang/Object;[Ljava/lang/Object;)Lcom/jayway/restassured/specification/RequestSpecification;
	at test.java.Integration.FunctionalRest.RestApi.DeleteUser(RestApi.java:66)
	at sun.reflect.NativeMethodAccessorImpl.invoke0(Native Method)
	at sun.reflect.NativeMethodAccessorImpl.invoke(NativeMethodAccessorImpl.java:57)
	at sun.reflect.DelegatingMethodAccessorImpl.invoke(DelegatingMethodAccessorImpl.java:43)
	at java.lang.reflect.Method.invoke(Method.java:601)
	at org.testng.internal.MethodInvocationHelper.invokeMethod(MethodInvocationHelper.java:84)
	at org.testng.internal.Invoker.invokeMethod(Invoker.java:714)
	at org.testng.internal.Invoker.invokeTestMethod(Invoker.java:901)
	at org.testng.internal.Invoker.invokeTestMethods(Invoker.java:1231)
	at org.testng.internal.TestMethodWorker.invokeTestMethods(TestMethodWorker.java:127)
	at org.testng.internal.TestMethodWorker.run(TestMethodWorker.java:111)
	at org.testng.TestRunner.privateRun(TestRunner.java:767)
	at org.testng.TestRunner.run(TestRunner.java:617)
	at org.testng.SuiteRunner.runTest(SuiteRunner.java:334)
	at org.testng.SuiteRunner.runSequentially(SuiteRunner.java:329)
	at org.testng.SuiteRunner.privateRun(SuiteRunner.java:291)
	at org.testng.SuiteRunner.run(SuiteRunner.java:240)
	at org.testng.SuiteRunnerWorker.runSuite(SuiteRunnerWorker.java:52)
	at org.testng.SuiteRunnerWorker.run(SuiteRunnerWorker.java:86)
	at org.testng.TestNG.runSuitesSequentially(TestNG.java:1224)
	at org.testng.TestNG.runSuitesLocally(TestNG.java:1149)
	at org.testng.TestNG.run(TestNG.java:1057)
	at org.testng.remote.AbstractRemoteTestNG.run(AbstractRemoteTestNG.java:132)
	at org.testng.remote.RemoteTestNG.initAndRun(RemoteTestNG.java:236)
	at org.testng.remote.RemoteTestNG.main(RemoteTestNG.java:81)
</pre></div></td>
<td>0</td>
<td>test.java.Integration.FunctionalRest.RestApi@dca5b7</td></tr>
<tr>
<td title='test.java.Integration.FunctionalRest.RestApi.GetUser()'><b>GetUser</b><br>Test class: test.java.Integration.FunctionalRest.RestApi</td>
<td><div><pre>java.lang.NoSuchMethodError: com.jayway.restassured.specification.RequestSpecification.header(Ljava/lang/String;Ljava/lang/Object;[Ljava/lang/Object;)Lcom/jayway/restassured/specification/RequestSpecification;
	at test.java.Integration.FunctionalRest.RestApi.GetUser(RestApi.java:36)
... Removed 24 stack frames</pre></div><a href='#' onClick='toggleBox("stack-trace28217545", this, "Click to show all stack frames", "Click to hide stack frames")'>Click to show all stack frames</a>
<div class='stack-trace' id='stack-trace28217545'><pre>java.lang.NoSuchMethodError: com.jayway.restassured.specification.RequestSpecification.header(Ljava/lang/String;Ljava/lang/Object;[Ljava/lang/Object;)Lcom/jayway/restassured/specification/RequestSpecification;
	at test.java.Integration.FunctionalRest.RestApi.GetUser(RestApi.java:36)
	at sun.reflect.NativeMethodAccessorImpl.invoke0(Native Method)
	at sun.reflect.NativeMethodAccessorImpl.invoke(NativeMethodAccessorImpl.java:57)
	at sun.reflect.DelegatingMethodAccessorImpl.invoke(DelegatingMethodAccessorImpl.java:43)
	at java.lang.reflect.Method.invoke(Method.java:601)
	at org.testng.internal.MethodInvocationHelper.invokeMethod(MethodInvocationHelper.java:84)
	at org.testng.internal.Invoker.invokeMethod(Invoker.java:714)
	at org.testng.internal.Invoker.invokeTestMethod(Invoker.java:901)
	at org.testng.internal.Invoker.invokeTestMethods(Invoker.java:1231)
	at org.testng.internal.TestMethodWorker.invokeTestMethods(TestMethodWorker.java:127)
	at org.testng.internal.TestMethodWorker.run(TestMethodWorker.java:111)
	at org.testng.TestRunner.privateRun(TestRunner.java:767)
	at org.testng.TestRunner.run(TestRunner.java:617)
	at org.testng.SuiteRunner.runTest(SuiteRunner.java:334)
	at org.testng.SuiteRunner.runSequentially(SuiteRunner.java:329)
	at org.testng.SuiteRunner.privateRun(SuiteRunner.java:291)
	at org.testng.SuiteRunner.run(SuiteRunner.java:240)
	at org.testng.SuiteRunnerWorker.runSuite(SuiteRunnerWorker.java:52)
	at org.testng.SuiteRunnerWorker.run(SuiteRunnerWorker.java:86)
	at org.testng.TestNG.runSuitesSequentially(TestNG.java:1224)
	at org.testng.TestNG.runSuitesLocally(TestNG.java:1149)
	at org.testng.TestNG.run(TestNG.java:1057)
	at org.testng.remote.AbstractRemoteTestNG.run(AbstractRemoteTestNG.java:132)
	at org.testng.remote.RemoteTestNG.initAndRun(RemoteTestNG.java:236)
	at org.testng.remote.RemoteTestNG.main(RemoteTestNG.java:81)
</pre></div></td>
<td>0</td>
<td>test.java.Integration.FunctionalRest.RestApi@dca5b7</td></tr>
</table><p>
<table width='100%' border='1' class='invocation-skipped'>
<tr><td colspan='4' align='center'><b>SKIPPED TESTS</b></td></tr>
<tr><td><b>Test method</b></td>
<td width="30%"><b>Exception</b></td>
<td width="10%"><b>Time (seconds)</b></td>
<td><b>Instance</b></td>
</tr>
<tr>
<td title='test.java.Integration.FunctionalRest.LoginTestCase.accessibility()'><b>accessibility</b><br>Test class: test.java.Integration.FunctionalRest.LoginTestCase</td>
<td></td>
<td>0</td>
<td>null</td></tr>
<tr>
<td title='test.java.Integration.FunctionalRest.LoginTestCase.dashboard()'><b>dashboard</b><br>Test class: test.java.Integration.FunctionalRest.LoginTestCase</td>
<td></td>
<td>0</td>
<td>null</td></tr>
<tr>
<td title='test.java.Integration.FunctionalRest.LoginTestCase.login()'><b>login</b><br>Test class: test.java.Integration.FunctionalRest.LoginTestCase</td>
<td><div><pre>java.lang.RuntimeException: org.apache.poi.POIXMLException: java.lang.reflect.InvocationTargetException
	at org.apache.poi.xssf.usermodel.XSSFFactory.createDocumentPart(XSSFFactory.java:62)
	at org.apache.poi.POIXMLDocumentPart.read(POIXMLDocumentPart.java:403)
	at org.apache.poi.POIXMLDocument.load(POIXMLDocument.java:155)
	at org.apache.poi.xssf.usermodel.XSSFWorkbook.&lt;init&gt;(XSSFWorkbook.java:207)
	at test.java.Integration.FunctionalRest.ReadFile.readingfile(ReadFile.java:33)
	at test.java.Integration.FunctionalRest.LoginTestCase.dp(LoginTestCase.java:156)
	... 20 more
	at org.apache.poi.xssf.usermodel.XSSFFactory.createDocumentPart(XSSFFactory.java:60)
	... 31 more
Caused by: java.lang.NoClassDefFoundError: org/apache/poi/POIXMLTypeLoader
	at org.openxmlformats.schemas.drawingml.x2006.main.ThemeDocument$Factory.parse(Unknown Source)
	at org.apache.poi.xssf.model.ThemesTable.&lt;init&gt;(ThemesTable.java:44)
	... 36 more
Caused by: java.lang.ClassNotFoundException: org.apache.poi.POIXMLTypeLoader
	at java.net.URLClassLoader$1.run(URLClassLoader.java:366)
	at java.net.URLClassLoader$1.run(URLClassLoader.java:355)
	at java.security.AccessController.doPrivileged(Native Method)
	at java.net.URLClassLoader.findClass(URLClassLoader.java:354)
	at java.lang.ClassLoader.loadClass(ClassLoader.java:423)
	at sun.misc.Launcher$AppClassLoader.loadClass(Launcher.java:308)
	at java.lang.ClassLoader.loadClass(ClassLoader.java:356)
	... 38 more
... Removed 33 stack frames</pre></div><a href='#' onClick='toggleBox("stack-trace15619593", this, "Click to show all stack frames", "Click to hide stack frames")'>Click to show all stack frames</a>
<div class='stack-trace' id='stack-trace15619593'><pre>java.lang.RuntimeException: org.apache.poi.POIXMLException: java.lang.reflect.InvocationTargetException
	at org.testng.internal.MethodInvocationHelper.invokeDataProvider(MethodInvocationHelper.java:161)
	at org.testng.internal.Parameters.handleParameters(Parameters.java:429)
	at org.testng.internal.Invoker.handleParameters(Invoker.java:1383)
	at org.testng.internal.Invoker.createParameters(Invoker.java:1075)
	at org.testng.internal.Invoker.invokeTestMethods(Invoker.java:1180)
	at org.testng.internal.TestMethodWorker.invokeTestMethods(TestMethodWorker.java:127)
	at org.testng.internal.TestMethodWorker.run(TestMethodWorker.java:111)
	at org.testng.TestRunner.privateRun(TestRunner.java:767)
	at org.testng.TestRunner.run(TestRunner.java:617)
	at org.testng.SuiteRunner.runTest(SuiteRunner.java:334)
	at org.testng.SuiteRunner.runSequentially(SuiteRunner.java:329)
	at org.testng.SuiteRunner.privateRun(SuiteRunner.java:291)
	at org.testng.SuiteRunner.run(SuiteRunner.java:240)
	at org.testng.SuiteRunnerWorker.runSuite(SuiteRunnerWorker.java:52)
	at org.testng.SuiteRunnerWorker.run(SuiteRunnerWorker.java:86)
	at org.testng.TestNG.runSuitesSequentially(TestNG.java:1224)
	at org.testng.TestNG.runSuitesLocally(TestNG.java:1149)
	at org.testng.TestNG.run(TestNG.java:1057)
	at org.testng.remote.AbstractRemoteTestNG.run(AbstractRemoteTestNG.java:132)
	at org.testng.remote.RemoteTestNG.initAndRun(RemoteTestNG.java:236)
	at org.testng.remote.RemoteTestNG.main(RemoteTestNG.java:81)
Caused by: org.apache.poi.POIXMLException: java.lang.reflect.InvocationTargetException
	at org.apache.poi.xssf.usermodel.XSSFFactory.createDocumentPart(XSSFFactory.java:62)
	at org.apache.poi.POIXMLDocumentPart.read(POIXMLDocumentPart.java:403)
	at org.apache.poi.POIXMLDocument.load(POIXMLDocument.java:155)
	at org.apache.poi.xssf.usermodel.XSSFWorkbook.&lt;init&gt;(XSSFWorkbook.java:207)
	at test.java.Integration.FunctionalRest.ReadFile.readingfile(ReadFile.java:33)
	at test.java.Integration.FunctionalRest.LoginTestCase.dp(LoginTestCase.java:156)
	at sun.reflect.NativeMethodAccessorImpl.invoke0(Native Method)
	at sun.reflect.NativeMethodAccessorImpl.invoke(NativeMethodAccessorImpl.java:57)
	at sun.reflect.DelegatingMethodAccessorImpl.invoke(DelegatingMethodAccessorImpl.java:43)
	at java.lang.reflect.Method.invoke(Method.java:601)
	at org.testng.internal.MethodInvocationHelper.invokeMethod(MethodInvocationHelper.java:84)
	at org.testng.internal.MethodInvocationHelper.invokeDataProvider(MethodInvocationHelper.java:135)
	... 20 more
Caused by: java.lang.reflect.InvocationTargetException
	at sun.reflect.NativeConstructorAccessorImpl.newInstance0(Native Method)
	at sun.reflect.NativeConstructorAccessorImpl.newInstance(NativeConstructorAccessorImpl.java:57)
	at sun.reflect.DelegatingConstructorAccessorImpl.newInstance(DelegatingConstructorAccessorImpl.java:45)
	at java.lang.reflect.Constructor.newInstance(Constructor.java:525)
	at org.apache.poi.xssf.usermodel.XSSFFactory.createDocumentPart(XSSFFactory.java:60)
	... 31 more
Caused by: java.lang.NoClassDefFoundError: org/apache/poi/POIXMLTypeLoader
	at org.openxmlformats.schemas.drawingml.x2006.main.ThemeDocument$Factory.parse(Unknown Source)
	at org.apache.poi.xssf.model.ThemesTable.&lt;init&gt;(ThemesTable.java:44)
	... 36 more
Caused by: java.lang.ClassNotFoundException: org.apache.poi.POIXMLTypeLoader
	at java.net.URLClassLoader$1.run(URLClassLoader.java:366)
	at java.net.URLClassLoader$1.run(URLClassLoader.java:355)
	at java.security.AccessController.doPrivileged(Native Method)
	at java.net.URLClassLoader.findClass(URLClassLoader.java:354)
	at java.lang.ClassLoader.loadClass(ClassLoader.java:423)
	at sun.misc.Launcher$AppClassLoader.loadClass(Launcher.java:308)
	at java.lang.ClassLoader.loadClass(ClassLoader.java:356)
	... 38 more
</pre></div></td>
<td>0</td>
<td>test.java.Integration.FunctionalRest.LoginTestCase@f824b7</td></tr>
<tr>
<td title='test.java.Integration.FunctionalRest.LoginTestCase.media()'><b>media</b><br>Test class: test.java.Integration.FunctionalRest.LoginTestCase</td>
<td></td>
<td>0</td>
<td>null</td></tr>
</table><p>
</body>
</html>