<?xml version="1.0" encoding="UTF-8"?>
<testsuite xmlns:xsi="http://www.w3.org/2001/XMLSchema-instance" xsi:schemaLocation="https://maven.apache.org/surefire/maven-surefire-plugin/xsd/surefire-test-report.xsd" name="TestSuite" time="139.961" tests="22" errors="0" skipped="15" failures="3">
  <properties>
    <property name="java.runtime.name" value="Java(TM) SE Runtime Environment"/>
    <property name="sun.boot.library.path" value="C:\Java\jdk1.7.0_11\jre\bin"/>
    <property name="java.vm.version" value="23.6-b04"/>
    <property name="java.vm.vendor" value="Oracle Corporation"/>
    <property name="java.vendor.url" value="http://java.oracle.com/"/>
    <property name="path.separator" value=";"/>
    <property name="guice.disable.misplaced.annotation.check" value="true"/>
    <property name="java.vm.name" value="Java HotSpot(TM) Client VM"/>
    <property name="file.encoding.pkg" value="sun.io"/>
    <property name="user.script" value=""/>
    <property name="user.country" value="US"/>
    <property name="sun.java.launcher" value="SUN_STANDARD"/>
    <property name="sun.os.patch.level" value="Service Pack 1"/>
    <property name="java.vm.specification.name" value="Java Virtual Machine Specification"/>
    <property name="user.dir" value="C:\Users\Administrator\Documents\Grid_Implementation\FunctionalRest"/>
    <property name="java.runtime.version" value="1.7.0_11-b21"/>
    <property name="java.awt.graphicsenv" value="sun.awt.Win32GraphicsEnvironment"/>
    <property name="java.endorsed.dirs" value="C:\Java\jdk1.7.0_11\jre\lib\endorsed"/>
    <property name="os.arch" value="x86"/>
    <property name="java.io.tmpdir" value="C:\Users\ADMINI~1\AppData\Local\Temp\"/>
    <property name="line.separator" value="&#10;"/>
    <property name="java.vm.specification.vendor" value="Oracle Corporation"/>
    <property name="user.variant" value=""/>
    <property name="os.name" value="Windows 7"/>
    <property name="classworlds.conf" value="D:\appiumwork\.metadata\.plugins\org.maven.ide.eclipse\launches\m2conf1200174628881086660.tmp"/>
    <property name="sun.jnu.encoding" value="Cp1252"/>
    <property name="java.library.path" value="C:\Java\jdk1.7.0_11\bin;C:\WINDOWS\Sun\Java\bin;C:\WINDOWS\system32;C:\WINDOWS;C:/Program Files (x86)/Java/jre7/bin/client;C:/Program Files (x86)/Java/jre7/bin;C:/Program Files (x86)/Java/jre7/lib/i386;C:\Perl\site\bin;C:\Perl\bin;C:\WINDOWS\system32;C:\WINDOWS;C:\WINDOWS\System32\Wbem;C:\WINDOWS\System32\WindowsPowerShell\v1.0\;C:\Program Files\Java\jdk1.7.0_79\bin;C:\Program Files\ANDROID\adt-bundle-windows-x86-20140702\sdk\platform-tools;C:\Program Files\ANDROID\adt-bundle-windows-x86-20140702\sdk\tools;C:\Program Files\apache-maven-3.3.9-bin\apache-maven-3.3.9\bin;C:\Program Files\ANDROID\adt-bundle-windows-x86-20140702\eclipse;;."/>
    <property name="java.specification.name" value="Java Platform API Specification"/>
    <property name="java.class.version" value="51.0"/>
    <property name="sun.management.compiler" value="HotSpot Client Compiler"/>
    <property name="os.version" value="6.1"/>
    <property name="user.home" value="C:\Users\Administrator"/>
    <property name="user.timezone" value="Asia/Calcutta"/>
    <property name="java.awt.printerjob" value="sun.awt.windows.WPrinterJob"/>
    <property name="java.specification.version" value="1.7"/>
    <property name="file.encoding" value="Cp1252"/>
    <property name="user.name" value="Administrator"/>
    <property name="java.class.path" value="/C:/Program Files/ANDROID/adt-bundle-windows-x86-20140702/eclipse/plugins/org.maven.ide.eclipse.maven_embedder_0.12.1.20110112-1712/jars/plexus-classworlds-2.4.jar"/>
    <property name="java.vm.specification.version" value="1.7"/>
    <property name="sun.arch.data.model" value="32"/>
    <property name="java.home" value="C:\Java\jdk1.7.0_11\jre"/>
    <property name="sun.java.command" value="org.codehaus.plexus.classworlds.launcher.Launcher -B test"/>
    <property name="java.specification.vendor" value="Oracle Corporation"/>
    <property name="user.language" value="en"/>
    <property name="awt.toolkit" value="sun.awt.windows.WToolkit"/>
    <property name="java.vm.info" value="mixed mode, sharing"/>
    <property name="java.version" value="1.7.0_11"/>
    <property name="java.ext.dirs" value="C:\Java\jdk1.7.0_11\jre\lib\ext;C:\WINDOWS\Sun\Java\lib\ext"/>
    <property name="sun.boot.class.path" value="C:\Java\jdk1.7.0_11\jre\lib\resources.jar;C:\Java\jdk1.7.0_11\jre\lib\rt.jar;C:\Java\jdk1.7.0_11\jre\lib\sunrsasign.jar;C:\Java\jdk1.7.0_11\jre\lib\jsse.jar;C:\Java\jdk1.7.0_11\jre\lib\jce.jar;C:\Java\jdk1.7.0_11\jre\lib\charsets.jar;C:\Java\jdk1.7.0_11\jre\lib\jfr.jar;C:\Java\jdk1.7.0_11\jre\classes"/>
    <property name="java.vendor" value="Oracle Corporation"/>
    <property name="maven.home" value="C:\Users\Administrator\Documents\Grid_Implementation\FunctionalRest\EMBEDDED"/>
    <property name="file.separator" value="\"/>
    <property name="java.vendor.url.bug" value="http://bugreport.sun.com/bugreport/"/>
    <property name="sun.cpu.endian" value="little"/>
    <property name="sun.io.unicode.encoding" value="UnicodeLittle"/>
    <property name="sun.desktop" value="windows"/>
    <property name="sun.cpu.isalist" value="pentium_pro+mmx pentium_pro pentium+mmx pentium i486 i386 i86"/>
  </properties>
  <testcase name="launchbrowser" classname="test.java.Integration.FunctionalRest.LoginTestCase" time="0.655">
    <failure message="The path to the driver executable must be set by the webdriver.chrome.driver system property; for more information, see https://github.com/SeleniumHQ/selenium/wiki/ChromeDriver. The latest version can be downloaded from http://chromedriver.storage.googleapis.com/index.html&#10;Command duration or timeout: 281 milliseconds&#10;Build info: version: &apos;2.46.0&apos;, revision: &apos;61506a4624b13675f24581e453592342b7485d71&apos;, time: &apos;2015-06-04 10:22:50&apos;&#10;System info: host: &apos;NGD24104&apos;, ip: &apos;169.254.59.156&apos;, os.name: &apos;Windows 7&apos;, os.arch: &apos;x86&apos;, os.version: &apos;6.1&apos;, java.version: &apos;1.7.0_11&apos;&#10;Driver info: org.openqa.selenium.remote.RemoteWebDriver" type="org.openqa.selenium.WebDriverException">org.openqa.selenium.WebDriverException: 
The path to the driver executable must be set by the webdriver.chrome.driver system property; for more information, see https://github.com/SeleniumHQ/selenium/wiki/ChromeDriver. The latest version can be downloaded from http://chromedriver.storage.googleapis.com/index.html
Command duration or timeout: 281 milliseconds
Build info: version: '2.46.0', revision: '61506a4624b13675f24581e453592342b7485d71', time: '2015-06-04 10:22:50'
System info: host: 'NGD24104', ip: '169.254.59.156', os.name: 'Windows 7', os.arch: 'x86', os.version: '6.1', java.version: '1.7.0_11'
Driver info: org.openqa.selenium.remote.RemoteWebDriver
	at test.java.Integration.FunctionalRest.LoginTestCase.launchbrowser(LoginTestCase.java:319)
Caused by: java.lang.IllegalStateException: The path to the driver executable must be set by the webdriver.chrome.driver system property; for more information, see https://github.com/SeleniumHQ/selenium/wiki/ChromeDriver. The latest version can be downloaded from http://chromedriver.storage.googleapis.com/index.html
</failure>
    <system-out><![CDATA[num is : 5
 Executing on CHROME
]]></system-out>
  </testcase>
  <testcase name="setUp" classname="test.java.Integration.FunctionalRest.LoginTestCase" time="0">
    <skipped/>
  </testcase>
  <testcase name="setUp" classname="test.java.Integration.FunctionalRest.LoginTestCase" time="0">
    <skipped/>
    <system-out><![CDATA[No of ROWS4
[[Username, Password, Steps, Media access, How to access elements, Element id], [author, author, New:2:Media:class:ab-item, Yes, Class, ab-item], [contributor, contributor, New:1:Post:class:ab-item, No, Class, ab-item], [editor, editor, New:3:Media:class:ab-item, Yes, Class, ab-item], [qe_batch, qe_batch2017, Users:3:Add New:linkText:Add New, Yes, linkText, Add New]]----------5
[[Username, Password, Steps, Media access, How to access elements, Element id], [author, author, New:2:Media:class:ab-item, Yes, Class, ab-item], [contributor, contributor, New:1:Post:class:ab-item, No, Class, ab-item], [editor, editor, New:3:Media:class:ab-item, Yes, Class, ab-item], [qe_batch, qe_batch2017, Users:3:Add New:linkText:Add New, Yes, linkText, Add New]]
New:2:Media:class:ab-item
Password
contributor
editor
qe_batch
Value of password for qe_batch is :qe_batch2017
]]></system-out>
  </testcase>
  <testcase name="setUp" classname="test.java.Integration.FunctionalRest.LoginTestCase" time="0">
    <skipped/>
  </testcase>
  <testcase name="setUp" classname="test.java.Integration.FunctionalRest.LoginTestCase" time="0">
    <skipped/>
  </testcase>
  <testcase name="setUp" classname="test.java.Integration.FunctionalRest.LoginTestCase" time="0">
    <skipped/>
  </testcase>
  <testcase name="waitforPage" classname="test.java.Integration.FunctionalRest.LoginTestCase" time="0">
    <skipped/>
  </testcase>
  <testcase name="waitforPage" classname="test.java.Integration.FunctionalRest.LoginTestCase" time="0">
    <skipped/>
  </testcase>
  <testcase name="waitforPage" classname="test.java.Integration.FunctionalRest.LoginTestCase" time="0">
    <skipped/>
  </testcase>
  <testcase name="waitforPage" classname="test.java.Integration.FunctionalRest.LoginTestCase" time="0">
    <skipped/>
  </testcase>
  <testcase name="login" classname="test.java.Integration.FunctionalRest.LoginTestCase" time="0">
    <skipped/>
  </testcase>
  <testcase name="login" classname="test.java.Integration.FunctionalRest.LoginTestCase" time="0">
    <skipped/>
  </testcase>
  <testcase name="login" classname="test.java.Integration.FunctionalRest.LoginTestCase" time="0">
    <skipped/>
  </testcase>
  <testcase name="login" classname="test.java.Integration.FunctionalRest.LoginTestCase" time="0">
    <skipped/>
  </testcase>
  <testcase name="accessibility" classname="test.java.Integration.FunctionalRest.LoginTestCase" time="0">
    <skipped message="Method LoginTestCase.accessibility(java.lang.String, java.lang.String)[pri:0, instance:test.java.Integration.FunctionalRest.LoginTestCase@1ec0b] depends on not successfully finished methods"/>
  </testcase>
  <testcase name="dashboard" classname="test.java.Integration.FunctionalRest.LoginTestCase" time="0">
    <skipped message="Method LoginTestCase.dashboard(java.lang.String, java.lang.String)[pri:0, instance:test.java.Integration.FunctionalRest.LoginTestCase@1ec0b] depends on not successfully finished methods"/>
  </testcase>
  <testcase name="CreateUser" classname="test.java.Integration.FunctionalRest.RestApi" time="0.749"/>
  <testcase name="DeleteUser" classname="test.java.Integration.FunctionalRest.RestApi" time="0.157"/>
  <testcase name="GetUser" classname="test.java.Integration.FunctionalRest.RestApi" time="0.172"/>
  <testcase name="ValidLogin" classname="test.java.Integration.FunctionalRest.MobileTestCase" time="40.241"/>
  <testcase name="ValidMedia" classname="test.java.Integration.FunctionalRest.MobileTestCase" time="73.392">
    <failure message="An element could not be located on the page using the given search parameters. (WARNING: The server did not provide any stacktrace information)&#10;Command duration or timeout: 919 milliseconds&#10;For documentation on this error, please visit: http://seleniumhq.org/exceptions/no_such_element.html&#10;Build info: version: &apos;2.46.0&apos;, revision: &apos;61506a4624b13675f24581e453592342b7485d71&apos;, time: &apos;2015-06-04 10:22:50&apos;&#10;System info: host: &apos;NGD24104&apos;, ip: &apos;169.254.59.156&apos;, os.name: &apos;Windows 7&apos;, os.arch: &apos;x86&apos;, os.version: &apos;6.1&apos;, java.version: &apos;1.7.0_11&apos;&#10;*** Element info: {Using=name, value=VID_20161123_101712.mp4}&#10;Session ID: 6073b087-b59f-4052-b6a2-2e45fba5a870&#10;Driver info: io.appium.java_client.android.AndroidDriver&#10;Capabilities [{platformVersion=5.1.1, platform=LINUX, databaseEnabled=false, javascriptEnabled=true, platformName=Android, deviceName=6a94c369, browserName=Android, appium-version=1.4.16.1, webStorageEnabled=false, networkConnectionEnabled=true, desired={deviceName=6a94c369, platformName=Android, appium-version=1.4.16.1}, locationContextEnabled=false, warnings={}, takesScreenshot=true}]" type="org.openqa.selenium.NoSuchElementException">org.openqa.selenium.NoSuchElementException: 
An element could not be located on the page using the given search parameters. (WARNING: The server did not provide any stacktrace information)
Command duration or timeout: 919 milliseconds
For documentation on this error, please visit: http://seleniumhq.org/exceptions/no_such_element.html
Build info: version: '2.46.0', revision: '61506a4624b13675f24581e453592342b7485d71', time: '2015-06-04 10:22:50'
System info: host: 'NGD24104', ip: '169.254.59.156', os.name: 'Windows 7', os.arch: 'x86', os.version: '6.1', java.version: '1.7.0_11'
*** Element info: {Using=name, value=VID_20161123_101712.mp4}
Session ID: 6073b087-b59f-4052-b6a2-2e45fba5a870
Driver info: io.appium.java_client.android.AndroidDriver
Capabilities [{platformVersion=5.1.1, platform=LINUX, databaseEnabled=false, javascriptEnabled=true, platformName=Android, deviceName=6a94c369, browserName=Android, appium-version=1.4.16.1, webStorageEnabled=false, networkConnectionEnabled=true, desired={deviceName=6a94c369, platformName=Android, appium-version=1.4.16.1}, locationContextEnabled=false, warnings={}, takesScreenshot=true}]
	at test.java.Integration.FunctionalRest.MobileTestCase.ValidMedia(MobileTestCase.java:91)
</failure>
    <system-out><![CDATA[-------------------------------
(1080, 1920)
starty = 1536 ,endy = 384 , startx = 540
(1080, 1920)
starty1 = 1536 ,endy1 = 384 , startx1 = 540
]]></system-out>
  </testcase>
  <testcase name="WrongLogin" classname="test.java.Integration.FunctionalRest.MobileTestCase" time="8.576">
    <failure message="An element could not be located on the page using the given search parameters. (WARNING: The server did not provide any stacktrace information)&#10;Command duration or timeout: 552 milliseconds&#10;For documentation on this error, please visit: http://seleniumhq.org/exceptions/no_such_element.html&#10;Build info: version: &apos;2.46.0&apos;, revision: &apos;61506a4624b13675f24581e453592342b7485d71&apos;, time: &apos;2015-06-04 10:22:50&apos;&#10;System info: host: &apos;NGD24104&apos;, ip: &apos;169.254.59.156&apos;, os.name: &apos;Windows 7&apos;, os.arch: &apos;x86&apos;, os.version: &apos;6.1&apos;, java.version: &apos;1.7.0_11&apos;&#10;*** Element info: {Using=id, value=org.wordpress.android:id/nux_username}&#10;Session ID: 6073b087-b59f-4052-b6a2-2e45fba5a870&#10;Driver info: io.appium.java_client.android.AndroidDriver&#10;Capabilities [{platformVersion=5.1.1, platform=LINUX, databaseEnabled=false, javascriptEnabled=true, platformName=Android, deviceName=6a94c369, browserName=Android, appium-version=1.4.16.1, webStorageEnabled=false, networkConnectionEnabled=true, desired={deviceName=6a94c369, platformName=Android, appium-version=1.4.16.1}, locationContextEnabled=false, warnings={}, takesScreenshot=true}]" type="org.openqa.selenium.NoSuchElementException">org.openqa.selenium.NoSuchElementException: 
An element could not be located on the page using the given search parameters. (WARNING: The server did not provide any stacktrace information)
Command duration or timeout: 552 milliseconds
For documentation on this error, please visit: http://seleniumhq.org/exceptions/no_such_element.html
Build info: version: '2.46.0', revision: '61506a4624b13675f24581e453592342b7485d71', time: '2015-06-04 10:22:50'
System info: host: 'NGD24104', ip: '169.254.59.156', os.name: 'Windows 7', os.arch: 'x86', os.version: '6.1', java.version: '1.7.0_11'
*** Element info: {Using=id, value=org.wordpress.android:id/nux_username}
Session ID: 6073b087-b59f-4052-b6a2-2e45fba5a870
Driver info: io.appium.java_client.android.AndroidDriver
Capabilities [{platformVersion=5.1.1, platform=LINUX, databaseEnabled=false, javascriptEnabled=true, platformName=Android, deviceName=6a94c369, browserName=Android, appium-version=1.4.16.1, webStorageEnabled=false, networkConnectionEnabled=true, desired={deviceName=6a94c369, platformName=Android, appium-version=1.4.16.1}, locationContextEnabled=false, warnings={}, takesScreenshot=true}]
	at test.java.Integration.FunctionalRest.MobileTestCase.WrongLogin(MobileTestCase.java:109)
</failure>
    <system-out><![CDATA[Screenshot taken
]]></system-out>
  </testcase>
</testsuite>