<?xml version="1.0" encoding="UTF-8"?>
<!-- Generated by org.testng.reporters.JUnitXMLReporter -->
<testsuite hostname="NGD24104" name="Test" tests="6" failures="0" timestamp="27 Feb 2017 05:50:56 GMT" time="0.624" errors="0">
  <testcase name="@BeforeTest launchbrowser" time="0.0" classname="test.java.Integration.FunctionalRest.LoginTestCase">
    <failure type="org.openqa.selenium.WebDriverException" message="The path to the driver executable must be set by the webdriver.chrome.driver system property; for more information, see https://github.com/SeleniumHQ/selenium/wiki/ChromeDriver. The latest version can be downloaded from http://chromedriver.storage.googleapis.com/index.html
Command duration or timeout: 281 milliseconds
Build info: version: &amp;apos;2.46.0&amp;apos;, revision: &amp;apos;61506a4624b13675f24581e453592342b7485d71&amp;apos;, time: &amp;apos;2015-06-04 10:22:50&amp;apos;
System info: host: &amp;apos;NGD24104&amp;apos;, ip: &amp;apos;169.254.59.156&amp;apos;, os.name: &amp;apos;Windows 7&amp;apos;, os.arch: &amp;apos;x86&amp;apos;, os.version: &amp;apos;6.1&amp;apos;, java.version: &amp;apos;1.7.0_11&amp;apos;
Driver info: org.openqa.selenium.remote.RemoteWebDriver">
      <![CDATA[org.openqa.selenium.WebDriverException: The path to the driver executable must be set by the webdriver.chrome.driver system property; for more information, see https://github.com/SeleniumHQ/selenium/wiki/ChromeDriver. The latest version can be downloaded from http://chromedriver.storage.googleapis.com/index.html
Command duration or timeout: 281 milliseconds
Build info: version: '2.46.0', revision: '61506a4624b13675f24581e453592342b7485d71', time: '2015-06-04 10:22:50'
System info: host: 'NGD24104', ip: '169.254.59.156', os.name: 'Windows 7', os.arch: 'x86', os.version: '6.1', java.version: '1.7.0_11'
Driver info: org.openqa.selenium.remote.RemoteWebDriver
	at org.openqa.selenium.remote.ErrorHandler.createThrowable(ErrorHandler.java:204)
	at org.openqa.selenium.remote.ErrorHandler.throwIfResponseFailed(ErrorHandler.java:156)
	at org.openqa.selenium.remote.RemoteWebDriver.execute(RemoteWebDriver.java:605)
	at org.openqa.selenium.remote.RemoteWebDriver.startSession(RemoteWebDriver.java:242)
	at org.openqa.selenium.remote.RemoteWebDriver.<init>(RemoteWebDriver.java:128)
	at org.openqa.selenium.remote.RemoteWebDriver.<init>(RemoteWebDriver.java:155)
	at test.java.Integration.FunctionalRest.LoginTestCase.launchbrowser(LoginTestCase.java:319)
Caused by: java.lang.IllegalStateException: The path to the driver executable must be set by the webdriver.chrome.driver system property; for more information, see https://github.com/SeleniumHQ/selenium/wiki/ChromeDriver. The latest version can be downloaded from http://chromedriver.storage.googleapis.com/index.html
	at com.google.common.base.Preconditions.checkState(Preconditions.java:197)
	at org.openqa.selenium.remote.service.DriverService.findExecutable(DriverService.java:109)
	at org.openqa.selenium.chrome.ChromeDriverService.access$0(ChromeDriverService.java:1)
	at org.openqa.selenium.chrome.ChromeDriverService$Builder.findDefaultExecutable(ChromeDriverService.java:137)
	at org.openqa.selenium.remote.service.DriverService$Builder.build(DriverService.java:290)
	at org.openqa.selenium.chrome.ChromeDriverService.createDefaultService(ChromeDriverService.java:88)
	at org.openqa.selenium.chrome.ChromeDriver.<init>(ChromeDriver.java:138)
	at org.openqa.selenium.remote.server.DefaultDriverProvider.callConstructor(DefaultDriverProvider.java:85)
	at org.openqa.selenium.remote.server.DefaultDriverProvider.newInstance(DefaultDriverProvider.java:79)
	at org.openqa.selenium.remote.server.DefaultDriverFactory.newInstance(DefaultDriverFactory.java:62)
	at org.openqa.selenium.remote.server.DefaultSession$BrowserCreator.call(DefaultSession.java:222)
	at org.openqa.selenium.remote.server.DefaultSession$BrowserCreator.call(DefaultSession.java:1)
	at java.util.concurrent.FutureTask.run(Unknown Source)
	at org.openqa.selenium.remote.server.DefaultSession$1.run(DefaultSession.java:176)
	at java.util.concurrent.ThreadPoolExecutor.runWorker(Unknown Source)
	at java.util.concurrent.ThreadPoolExecutor$Worker.run(Unknown Source)
	at java.lang.Thread.run(Unknown Source)
... Removed 33 stack frames]]>
    </failure>
  </testcase> <!-- @BeforeTest launchbrowser -->
  <testcase name="@BeforeClass setUp" time="0.0" classname="test.java.Integration.FunctionalRest.LoginTestCase">
    <skipped/>
  </testcase> <!-- @BeforeClass setUp -->
  <testcase name="@BeforeMethod setUp" time="0.0" classname="test.java.Integration.FunctionalRest.LoginTestCase">
    <skipped/>
  </testcase> <!-- @BeforeMethod setUp -->
  <testcase name="@BeforeMethod waitforPage" time="0.0" classname="test.java.Integration.FunctionalRest.LoginTestCase">
    <skipped/>
  </testcase> <!-- @BeforeMethod waitforPage -->
  <testcase name="@BeforeMethod setUp" time="0.0" classname="test.java.Integration.FunctionalRest.LoginTestCase">
    <skipped/>
  </testcase> <!-- @BeforeMethod setUp -->
  <testcase name="@BeforeMethod waitforPage" time="0.0" classname="test.java.Integration.FunctionalRest.LoginTestCase">
    <skipped/>
  </testcase> <!-- @BeforeMethod waitforPage -->
  <testcase name="@BeforeMethod setUp" time="0.0" classname="test.java.Integration.FunctionalRest.LoginTestCase">
    <skipped/>
  </testcase> <!-- @BeforeMethod setUp -->
  <testcase name="@BeforeMethod waitforPage" time="0.0" classname="test.java.Integration.FunctionalRest.LoginTestCase">
    <skipped/>
  </testcase> <!-- @BeforeMethod waitforPage -->
  <testcase name="@BeforeMethod setUp" time="0.0" classname="test.java.Integration.FunctionalRest.LoginTestCase">
    <skipped/>
  </testcase> <!-- @BeforeMethod setUp -->
  <testcase name="@BeforeMethod waitforPage" time="0.0" classname="test.java.Integration.FunctionalRest.LoginTestCase">
    <skipped/>
  </testcase> <!-- @BeforeMethod waitforPage -->
  <testcase name="login" time="0.0" classname="test.java.Integration.FunctionalRest.LoginTestCase">
    <skipped/>
  </testcase> <!-- login -->
  <testcase name="login" time="0.0" classname="test.java.Integration.FunctionalRest.LoginTestCase">
    <skipped/>
  </testcase> <!-- login -->
  <testcase name="login" time="0.0" classname="test.java.Integration.FunctionalRest.LoginTestCase">
    <skipped/>
  </testcase> <!-- login -->
  <testcase name="login" time="0.0" classname="test.java.Integration.FunctionalRest.LoginTestCase">
    <skipped/>
  </testcase> <!-- login -->
  <testcase name="accessibility" time="0.0" classname="test.java.Integration.FunctionalRest.LoginTestCase">
    <skipped/>
  </testcase> <!-- accessibility -->
  <testcase name="dashboard" time="0.0" classname="test.java.Integration.FunctionalRest.LoginTestCase">
    <skipped/>
  </testcase> <!-- dashboard -->
</testsuite> <!-- Test -->
