<?xml version="1.0" encoding="UTF-8"?>
<testng-results skipped="0" failed="1" total="3" passed="2">
  <reporter-output>
  </reporter-output>
  <suite name="Suite3" duration-ms="181243" started-at="2017-02-27T12:01:00Z" finished-at="2017-02-27T12:04:02Z">
    <groups>
    </groups>
    <test name="Test3" duration-ms="181243" started-at="2017-02-27T12:01:00Z" finished-at="2017-02-27T12:04:02Z">
      <class name="test.java.Integration.FunctionalRest.MobileTestCase">
        <test-method status="PASS" signature="setup()[pri:0, instance:test.java.Integration.FunctionalRest.MobileTestCase@1b2381b]" name="setup" is-config="true" duration-ms="9958" started-at="2017-02-27T17:31:00Z" finished-at="2017-02-27T17:31:10Z">
          <reporter-output>
          </reporter-output>
        </test-method> <!-- setup -->
        <test-method status="PASS" signature="ValidLogin()[pri:0, instance:test.java.Integration.FunctionalRest.MobileTestCase@1b2381b]" name="ValidLogin" duration-ms="39097" started-at="2017-02-27T17:31:10Z" finished-at="2017-02-27T17:31:49Z">
          <reporter-output>
          </reporter-output>
        </test-method> <!-- ValidLogin -->
        <test-method status="PASS" signature="ValidMedia()[pri:0, instance:test.java.Integration.FunctionalRest.MobileTestCase@1b2381b]" name="ValidMedia" duration-ms="98941" started-at="2017-02-27T17:31:49Z" finished-at="2017-02-27T17:33:28Z">
          <reporter-output>
          </reporter-output>
        </test-method> <!-- ValidMedia -->
        <test-method status="PASS" signature="tearDown(org.testng.ITestResult)[pri:0, instance:test.java.Integration.FunctionalRest.MobileTestCase@1b2381b]" name="tearDown" is-config="true" duration-ms="0" started-at="2017-02-27T17:31:49Z" finished-at="2017-02-27T17:31:49Z">
          <params>
            <param index="0">
              <value>
                <![CDATA[[TestResult name=ValidLogin status=SUCCESS method=MobileTestCase.ValidLogin()[pri:0, instance:test.java.Integration.FunctionalRest.MobileTestCase@1b2381b] output={null}]]]>
              </value>
            </param>
          </params>
          <reporter-output>
          </reporter-output>
        </test-method> <!-- tearDown -->
        <test-method status="PASS" signature="tearDown(org.testng.ITestResult)[pri:0, instance:test.java.Integration.FunctionalRest.MobileTestCase@1b2381b]" name="tearDown" is-config="true" duration-ms="0" started-at="2017-02-27T17:33:28Z" finished-at="2017-02-27T17:33:28Z">
          <params>
            <param index="0">
              <value>
                <![CDATA[[TestResult name=ValidMedia status=SUCCESS method=MobileTestCase.ValidMedia()[pri:0, instance:test.java.Integration.FunctionalRest.MobileTestCase@1b2381b] output={null}]]]>
              </value>
            </param>
          </params>
          <reporter-output>
          </reporter-output>
        </test-method> <!-- tearDown -->
        <test-method status="FAIL" signature="WrongLogin()[pri:0, instance:test.java.Integration.FunctionalRest.MobileTestCase@1b2381b]" name="WrongLogin" duration-ms="32468" started-at="2017-02-27T17:33:28Z" finished-at="2017-02-27T17:34:01Z">
          <exception class="org.openqa.selenium.NoSuchElementException">
            <message>
              <![CDATA[An element could not be located on the page using the given search parameters. (WARNING: The server did not provide any stacktrace information)
Command duration or timeout: 312 milliseconds
For documentation on this error, please visit: http://seleniumhq.org/exceptions/no_such_element.html
Build info: version: '2.46.0', revision: '87c69e2', time: '2015-06-04 16:17:10'
System info: host: 'NGD24104', ip: '169.254.59.156', os.name: 'Windows 7', os.arch: 'x86', os.version: '6.1', java.version: '1.7.0_11'
*** Element info: {Using=id, value=org.wordpress.android:id/my_site_title_label}
Session ID: 19bd9d02-678e-4a5f-a760-7211f4db56aa
Driver info: io.appium.java_client.android.AndroidDriver
Capabilities [{platformVersion=5.1.1, platform=LINUX, databaseEnabled=false, javascriptEnabled=true, platformName=Android, deviceName=6a94c369, browserName=Android, appium-version=1.4.16.1, webStorageEnabled=false, networkConnectionEnabled=true, desired={deviceName=6a94c369, platformName=Android, appium-version=1.4.16.1}, locationContextEnabled=false, warnings={}, takesScreenshot=true}]]]>
            </message>
            <full-stacktrace>
              <![CDATA[org.openqa.selenium.NoSuchElementException: An element could not be located on the page using the given search parameters. (WARNING: The server did not provide any stacktrace information)
Command duration or timeout: 312 milliseconds
For documentation on this error, please visit: http://seleniumhq.org/exceptions/no_such_element.html
Build info: version: '2.46.0', revision: '87c69e2', time: '2015-06-04 16:17:10'
System info: host: 'NGD24104', ip: '169.254.59.156', os.name: 'Windows 7', os.arch: 'x86', os.version: '6.1', java.version: '1.7.0_11'
*** Element info: {Using=id, value=org.wordpress.android:id/my_site_title_label}
Session ID: 19bd9d02-678e-4a5f-a760-7211f4db56aa
Driver info: io.appium.java_client.android.AndroidDriver
Capabilities [{platformVersion=5.1.1, platform=LINUX, databaseEnabled=false, javascriptEnabled=true, platformName=Android, deviceName=6a94c369, browserName=Android, appium-version=1.4.16.1, webStorageEnabled=false, networkConnectionEnabled=true, desired={deviceName=6a94c369, platformName=Android, appium-version=1.4.16.1}, locationContextEnabled=false, warnings={}, takesScreenshot=true}]
	at sun.reflect.NativeConstructorAccessorImpl.newInstance0(Native Method)
	at sun.reflect.NativeConstructorAccessorImpl.newInstance(NativeConstructorAccessorImpl.java:57)
	at sun.reflect.DelegatingConstructorAccessorImpl.newInstance(DelegatingConstructorAccessorImpl.java:45)
	at java.lang.reflect.Constructor.newInstance(Constructor.java:525)
	at org.openqa.selenium.remote.ErrorHandler.createThrowable(ErrorHandler.java:204)
	at org.openqa.selenium.remote.ErrorHandler.throwIfResponseFailed(ErrorHandler.java:156)
	at org.openqa.selenium.remote.RemoteWebDriver.execute(RemoteWebDriver.java:605)
	at io.appium.java_client.DefaultGenericMobileDriver.execute(DefaultGenericMobileDriver.java:40)
	at io.appium.java_client.AppiumDriver.execute(AppiumDriver.java:1)
	at io.appium.java_client.android.AndroidDriver.execute(AndroidDriver.java:1)
	at org.openqa.selenium.remote.RemoteWebDriver.findElement(RemoteWebDriver.java:358)
	at io.appium.java_client.DefaultGenericMobileDriver.findElement(DefaultGenericMobileDriver.java:56)
	at io.appium.java_client.AppiumDriver.findElement(AppiumDriver.java:1)
	at io.appium.java_client.android.AndroidDriver.findElement(AndroidDriver.java:1)
	at org.openqa.selenium.remote.RemoteWebDriver.findElementById(RemoteWebDriver.java:399)
	at io.appium.java_client.DefaultGenericMobileDriver.findElementById(DefaultGenericMobileDriver.java:64)
	at io.appium.java_client.AppiumDriver.findElementById(AppiumDriver.java:1)
	at io.appium.java_client.android.AndroidDriver.findElementById(AndroidDriver.java:1)
	at org.openqa.selenium.By$ById.findElement(By.java:215)
	at org.openqa.selenium.remote.RemoteWebDriver.findElement(RemoteWebDriver.java:350)
	at io.appium.java_client.DefaultGenericMobileDriver.findElement(DefaultGenericMobileDriver.java:52)
	at io.appium.java_client.AppiumDriver.findElement(AppiumDriver.java:1)
	at io.appium.java_client.android.AndroidDriver.findElement(AndroidDriver.java:1)
	at main.java.com.util.pages.LoginMobile.loginToWordPress(LoginMobile.java:98)
	at test.java.Integration.FunctionalRest.MobileTestCase.WrongLogin(MobileTestCase.java:109)
	at sun.reflect.NativeMethodAccessorImpl.invoke0(Native Method)
	at sun.reflect.NativeMethodAccessorImpl.invoke(NativeMethodAccessorImpl.java:57)
	at sun.reflect.DelegatingMethodAccessorImpl.invoke(DelegatingMethodAccessorImpl.java:43)
	at java.lang.reflect.Method.invoke(Method.java:601)
	at org.testng.internal.MethodInvocationHelper.invokeMethod(MethodInvocationHelper.java:84)
	at org.testng.internal.Invoker.invokeMethod(Invoker.java:714)
	at org.testng.internal.Invoker.invokeTestMethod(Invoker.java:901)
	at org.testng.internal.Invoker.invokeTestMethods(Invoker.java:1231)
	at org.testng.internal.TestMethodWorker.invokeTestMethods(TestMethodWorker.java:127)
	at org.testng.internal.TestMethodWorker.run(TestMethodWorker.java:111)
	at org.testng.TestRunner.privateRun(TestRunner.java:767)
	at org.testng.TestRunner.run(TestRunner.java:617)
	at org.testng.SuiteRunner.runTest(SuiteRunner.java:334)
	at org.testng.SuiteRunner.runSequentially(SuiteRunner.java:329)
	at org.testng.SuiteRunner.privateRun(SuiteRunner.java:291)
	at org.testng.SuiteRunner.run(SuiteRunner.java:240)
	at org.testng.SuiteRunnerWorker.runSuite(SuiteRunnerWorker.java:52)
	at org.testng.SuiteRunnerWorker.run(SuiteRunnerWorker.java:86)
	at org.testng.TestNG.runSuitesSequentially(TestNG.java:1224)
	at org.testng.TestNG.runSuitesLocally(TestNG.java:1149)
	at org.testng.TestNG.run(TestNG.java:1057)
	at org.testng.remote.AbstractRemoteTestNG.run(AbstractRemoteTestNG.java:132)
	at org.testng.remote.RemoteTestNG.initAndRun(RemoteTestNG.java:236)
	at org.testng.remote.RemoteTestNG.main(RemoteTestNG.java:81)
]]>
            </full-stacktrace>
          </exception> <!-- org.openqa.selenium.NoSuchElementException -->
          <reporter-output>
          </reporter-output>
        </test-method> <!-- WrongLogin -->
        <test-method status="PASS" signature="tearDown(org.testng.ITestResult)[pri:0, instance:test.java.Integration.FunctionalRest.MobileTestCase@1b2381b]" name="tearDown" is-config="true" duration-ms="764" started-at="2017-02-27T17:34:01Z" finished-at="2017-02-27T17:34:02Z">
          <params>
            <param index="0">
              <value>
                <![CDATA[[TestResult name=WrongLogin status=FAILURE method=MobileTestCase.WrongLogin()[pri:0, instance:test.java.Integration.FunctionalRest.MobileTestCase@1b2381b] output={null}]]]>
              </value>
            </param>
          </params>
          <reporter-output>
          </reporter-output>
        </test-method> <!-- tearDown -->
      </class> <!-- test.java.Integration.FunctionalRest.MobileTestCase -->
    </test> <!-- Test3 -->
  </suite> <!-- Suite3 -->
</testng-results>
