<?xml version="1.0" encoding="UTF-8"?>
<!-- Generated by org.testng.reporters.JUnitXMLReporter -->
<testsuite hostname="NGD24104" name="Test" tests="7" failures="3" timestamp="24 Feb 2017 09:53:19 GMT" time="27.458" errors="0">
  <testcase name="login" time="6.006" classname="test.java.Integration.FunctionalRest.LoginTestCase"/>
  <testcase name="login" time="15.597" classname="test.java.Integration.FunctionalRest.LoginTestCase">
    <failure type="org.openqa.selenium.ElementNotVisibleException" message="Element is not currently visible and so may not be interacted with
Build info: version: &amp;apos;2.46.0&amp;apos;, revision: &amp;apos;87c69e2&amp;apos;, time: &amp;apos;2015-06-04 16:16:47&amp;apos;
System info: host: &amp;apos;NGD24147&amp;apos;, ip: &amp;apos;10.222.40.144&amp;apos;, os.name: &amp;apos;Windows 7&amp;apos;, os.arch: &amp;apos;amd64&amp;apos;, os.version: &amp;apos;6.1&amp;apos;, java.version: &amp;apos;1.7.0_79&amp;apos;
Driver info: driver.version: unknown
Command duration or timeout: 10.63 seconds
Build info: version: &amp;apos;2.46.0&amp;apos;, revision: &amp;apos;87c69e2&amp;apos;, time: &amp;apos;2015-06-04 16:17:10&amp;apos;
System info: host: &amp;apos;NGD24104&amp;apos;, ip: &amp;apos;169.254.59.156&amp;apos;, os.name: &amp;apos;Windows 7&amp;apos;, os.arch: &amp;apos;x86&amp;apos;, os.version: &amp;apos;6.1&amp;apos;, java.version: &amp;apos;1.7.0_11&amp;apos;
Session ID: 8fa6e1b2-5ee5-48ba-b80e-c76803ea2c2a
Driver info: org.openqa.selenium.remote.RemoteWebDriver
Capabilities [{platform=WINDOWS, javascriptEnabled=true, acceptSslCerts=true, browserName=firefox, rotatable=false, locationContextEnabled=true, webdriver.remote.sessionid=8fa6e1b2-5ee5-48ba-b80e-c76803ea2c2a, version=35.0, databaseEnabled=true, cssSelectorsEnabled=true, handlesAlerts=true, webStorageEnabled=true, nativeEvents=false, applicationCacheEnabled=true, takesScreenshot=true}]">
      <![CDATA[org.openqa.selenium.ElementNotVisibleException: Element is not currently visible and so may not be interacted with
Build info: version: '2.46.0', revision: '87c69e2', time: '2015-06-04 16:16:47'
System info: host: 'NGD24147', ip: '10.222.40.144', os.name: 'Windows 7', os.arch: 'amd64', os.version: '6.1', java.version: '1.7.0_79'
Driver info: driver.version: unknown
Command duration or timeout: 10.63 seconds
Build info: version: '2.46.0', revision: '87c69e2', time: '2015-06-04 16:17:10'
System info: host: 'NGD24104', ip: '169.254.59.156', os.name: 'Windows 7', os.arch: 'x86', os.version: '6.1', java.version: '1.7.0_11'
Session ID: 8fa6e1b2-5ee5-48ba-b80e-c76803ea2c2a
Driver info: org.openqa.selenium.remote.RemoteWebDriver
Capabilities [{platform=WINDOWS, javascriptEnabled=true, acceptSslCerts=true, browserName=firefox, rotatable=false, locationContextEnabled=true, webdriver.remote.sessionid=8fa6e1b2-5ee5-48ba-b80e-c76803ea2c2a, version=35.0, databaseEnabled=true, cssSelectorsEnabled=true, handlesAlerts=true, webStorageEnabled=true, nativeEvents=false, applicationCacheEnabled=true, takesScreenshot=true}]
	at org.openqa.selenium.remote.ErrorHandler.createThrowable(ErrorHandler.java:204)
	at org.openqa.selenium.remote.ErrorHandler.throwIfResponseFailed(ErrorHandler.java:156)
	at org.openqa.selenium.remote.RemoteWebDriver.execute(RemoteWebDriver.java:605)
	at org.openqa.selenium.remote.RemoteWebElement.execute(RemoteWebElement.java:269)
	at org.openqa.selenium.remote.RemoteWebElement.click(RemoteWebElement.java:80)
	at test.java.Integration.FunctionalRest.LogOut.clickLogOutLink(LogOut.java:28)
	at test.java.Integration.FunctionalRest.LoginTestCase.login(LoginTestCase.java:66)
Caused by: org.openqa.selenium.remote.ScreenshotException: Screen shot has been taken
Build info: version: '2.46.0', revision: '87c69e2', time: '2015-06-04 16:17:10'
System info: host: 'NGD24104', ip: '169.254.59.156', os.name: 'Windows 7', os.arch: 'x86', os.version: '6.1', java.version: '1.7.0_11'
Driver info: driver.version: RemoteWebDriver
	at org.openqa.selenium.remote.ErrorHandler.throwIfResponseFailed(ErrorHandler.java:136)
	... 29 more
Caused by: org.openqa.selenium.ElementNotVisibleException: Element is not currently visible and so may not be interacted with
Build info: version: '2.46.0', revision: '87c69e2', time: '2015-06-04 16:16:47'
System info: host: 'NGD24147', ip: '10.222.40.144', os.name: 'Windows 7', os.arch: 'amd64', os.version: '6.1', java.version: '1.7.0_79'
Driver info: driver.version: unknown
Build info: version: '2.46.0', revision: '87c69e2', time: '2015-06-04 16:17:10'
System info: host: 'NGD24104', ip: '169.254.59.156', os.name: 'Windows 7', os.arch: 'x86', os.version: '6.1', java.version: '1.7.0_11'
Driver info: driver.version: unknown
	at <anonymous class>.fxdriver.preconditions.visible(file:///C:/Users/ADMINI~1/AppData/Local/Temp/anonymous8649177435784917961webdriver-profile/extensions/fxdriver@googlecode.com/components/command-processor.js:9615)
	at <anonymous class>.DelayedCommand.prototype.checkPreconditions_(file:///C:/Users/ADMINI~1/AppData/Local/Temp/anonymous8649177435784917961webdriver-profile/extensions/fxdriver@googlecode.com/components/command-processor.js:12265)
	at <anonymous class>.DelayedCommand.prototype.executeInternal_/h(file:///C:/Users/ADMINI~1/AppData/Local/Temp/anonymous8649177435784917961webdriver-profile/extensions/fxdriver@googlecode.com/components/command-processor.js:12282)
	at <anonymous class>.fxdriver.Timer.prototype.setTimeout/<.notify(file:///C:/Users/ADMINI~1/AppData/Local/Temp/anonymous8649177435784917961webdriver-profile/extensions/fxdriver@googlecode.com/components/command-processor.js:603)
... Removed 28 stack frames]]>
    </failure>
  </testcase> <!-- login -->
  <testcase name="login" time="0.056" classname="test.java.Integration.FunctionalRest.LoginTestCase">
    <failure type="java.lang.AssertionError" message="expected:&amp;lt;Dashboard ‹ Persistent_QE — WordPress&amp;gt; but was:&amp;lt;Persistent_QE ‹ Log In&amp;gt;">
      <![CDATA[java.lang.AssertionError: expected:<Dashboard ‹ Persistent_QE — WordPress> but was:<Persistent_QE ‹ Log In>
	at test.java.Integration.FunctionalRest.LoginTestCase.login(LoginTestCase.java:62)
... Removed 26 stack frames]]>
    </failure>
  </testcase> <!-- login -->
  <testcase name="login" time="0.043" classname="test.java.Integration.FunctionalRest.LoginTestCase">
    <failure type="java.lang.AssertionError" message="expected:&amp;lt;Dashboard ‹ Persistent_QE — WordPress&amp;gt; but was:&amp;lt;Persistent_QE ‹ Log In&amp;gt;">
      <![CDATA[java.lang.AssertionError: expected:<Dashboard ‹ Persistent_QE — WordPress> but was:<Persistent_QE ‹ Log In>
	at test.java.Integration.FunctionalRest.LoginTestCase.login(LoginTestCase.java:62)
... Removed 26 stack frames]]>
    </failure>
  </testcase> <!-- login -->
  <testcase name="accessibility" time="0.001" classname="test.java.Integration.FunctionalRest.LoginTestCase">
    <skipped/>
  </testcase> <!-- accessibility -->
  <testcase name="dashboard" time="0.001" classname="test.java.Integration.FunctionalRest.LoginTestCase">
    <skipped/>
  </testcase> <!-- dashboard -->
  <testcase name="media" time="0.001" classname="test.java.Integration.FunctionalRest.LoginTestCase">
    <skipped/>
  </testcase> <!-- media -->
</testsuite> <!-- Test -->
